2026-04-21 19:04:00,943	INFO log_monitor.py:168 -- Starting log monitor with [max open files=200], [is_autoscaler_v2=False]
2026-04-21 19:04:00,943	INFO log_monitor.py:290 -- Beginning to track file raylet.err
2026-04-21 19:04:00,943	INFO log_monitor.py:290 -- Beginning to track file monitor.log
2026-04-21 19:04:00,953	INFO log_monitor.py:290 -- Beginning to track file gcs_server.err
2026-04-21 19:04:03,658	INFO log_monitor.py:290 -- Beginning to track file worker-0192b238aad16e9d5a42fb639fe93fedd71ef3832131fe0d0c01c7e8-ffffffff-22564.err
2026-04-21 19:04:03,658	INFO log_monitor.py:290 -- Beginning to track file worker-0192b238aad16e9d5a42fb639fe93fedd71ef3832131fe0d0c01c7e8-ffffffff-22564.out
2026-04-21 19:04:03,658	INFO log_monitor.py:290 -- Beginning to track file worker-1a258d756c8854cd7aed0e7408251789660715318fe8cf273c438968-ffffffff-22644.err
2026-04-21 19:04:03,658	INFO log_monitor.py:290 -- Beginning to track file worker-1a258d756c8854cd7aed0e7408251789660715318fe8cf273c438968-ffffffff-22644.out
2026-04-21 19:04:03,658	INFO log_monitor.py:290 -- Beginning to track file worker-55538fe768ef2a74629b6d36814d0b7cf5b6df7c6fca24ea4ae70238-ffffffff-22624.err
2026-04-21 19:04:03,658	INFO log_monitor.py:290 -- Beginning to track file worker-55538fe768ef2a74629b6d36814d0b7cf5b6df7c6fca24ea4ae70238-ffffffff-22624.out
2026-04-21 19:04:03,761	INFO log_monitor.py:290 -- Beginning to track file worker-77be5885e47cb51c1c0a48eab71e215398cb0fb5215396c9f67e68c9-ffffffff-22584.err
2026-04-21 19:04:03,765	INFO log_monitor.py:290 -- Beginning to track file worker-77be5885e47cb51c1c0a48eab71e215398cb0fb5215396c9f67e68c9-ffffffff-22584.out
2026-04-21 19:04:03,765	INFO log_monitor.py:290 -- Beginning to track file worker-967c6c6319aa2280106a911d49fb227ed23aa8315f6837be9efd9a82-ffffffff-22684.err
2026-04-21 19:04:03,765	INFO log_monitor.py:290 -- Beginning to track file worker-967c6c6319aa2280106a911d49fb227ed23aa8315f6837be9efd9a82-ffffffff-22684.out
2026-04-21 19:04:03,765	INFO log_monitor.py:290 -- Beginning to track file worker-c0631a982b434a46e72ba3e844e67a8716b82145c4ba5a46d5c5d1d0-ffffffff-22776.err
2026-04-21 19:04:03,765	INFO log_monitor.py:290 -- Beginning to track file worker-c0631a982b434a46e72ba3e844e67a8716b82145c4ba5a46d5c5d1d0-ffffffff-22776.out
2026-04-21 19:04:03,866	INFO log_monitor.py:290 -- Beginning to track file worker-26ab819a1eb6b1d7dc9b0f543cdbe2ddf5767cd2fc2446a3c764507c-ffffffff-22704.err
2026-04-21 19:04:03,866	INFO log_monitor.py:290 -- Beginning to track file worker-26ab819a1eb6b1d7dc9b0f543cdbe2ddf5767cd2fc2446a3c764507c-ffffffff-22704.out
2026-04-21 19:04:03,866	INFO log_monitor.py:290 -- Beginning to track file worker-3490e43ac3f31e04c791ee9d09a5a0c5196867dbb8262079d75cf68a-ffffffff-22664.err
2026-04-21 19:04:03,866	INFO log_monitor.py:290 -- Beginning to track file worker-3490e43ac3f31e04c791ee9d09a5a0c5196867dbb8262079d75cf68a-ffffffff-22664.out
2026-04-21 19:04:03,866	INFO log_monitor.py:290 -- Beginning to track file worker-8fb3fe30ca7b6290c6a597bb69aa24a4dfdbdf703801ee0687ec2d32-ffffffff-22744.err
2026-04-21 19:04:03,866	INFO log_monitor.py:290 -- Beginning to track file worker-8fb3fe30ca7b6290c6a597bb69aa24a4dfdbdf703801ee0687ec2d32-ffffffff-22744.out
2026-04-21 19:04:03,866	INFO log_monitor.py:290 -- Beginning to track file worker-9ae7211ca262a8a1e2c59cee2d653f0460c792dc7e4919862d6c70c5-ffffffff-22724.err
2026-04-21 19:04:03,866	INFO log_monitor.py:290 -- Beginning to track file worker-9ae7211ca262a8a1e2c59cee2d653f0460c792dc7e4919862d6c70c5-ffffffff-22724.out
2026-04-21 19:04:03,866	INFO log_monitor.py:290 -- Beginning to track file worker-9e46d218fcc6d743ed01d5a6b4a8a29d1f484a86021bb8387f3645cc-ffffffff-22604.err
2026-04-21 19:04:03,866	INFO log_monitor.py:290 -- Beginning to track file worker-9e46d218fcc6d743ed01d5a6b4a8a29d1f484a86021bb8387f3645cc-ffffffff-22604.out
2026-04-21 19:04:03,866	INFO log_monitor.py:290 -- Beginning to track file worker-bb50f30a72650e02e579e14b089111131b22609cfa971ec3f86c65df-ffffffff-22764.err
2026-04-21 19:04:03,866	INFO log_monitor.py:290 -- Beginning to track file worker-bb50f30a72650e02e579e14b089111131b22609cfa971ec3f86c65df-ffffffff-22764.out
2026-04-21 19:04:03,866	INFO log_monitor.py:290 -- Beginning to track file worker-d01bd9dec6c5f68b1f199b9812af584a3935c7ddf42718e53fcbe7c5-ffffffff-22544.err
2026-04-21 19:04:03,866	INFO log_monitor.py:290 -- Beginning to track file worker-d01bd9dec6c5f68b1f199b9812af584a3935c7ddf42718e53fcbe7c5-ffffffff-22544.out
2026-04-21 19:04:03,866	INFO log_monitor.py:290 -- Beginning to track file worker-d524cd0179a34f03ef198482acc13302e8a004a44cf4a560f49ca9da-ffffffff-16528.err
2026-04-21 19:04:03,866	INFO log_monitor.py:290 -- Beginning to track file worker-d524cd0179a34f03ef198482acc13302e8a004a44cf4a560f49ca9da-ffffffff-16528.out
2026-04-21 19:04:03,866	INFO log_monitor.py:290 -- Beginning to track file worker-f197728338bbc130221387277e657a28635b625d11ef2cda48ecea6f-ffffffff-12392.err
2026-04-21 19:04:03,866	INFO log_monitor.py:290 -- Beginning to track file worker-f197728338bbc130221387277e657a28635b625d11ef2cda48ecea6f-ffffffff-12392.out
2026-04-21 19:04:03,866	INFO log_monitor.py:290 -- Beginning to track file worker-f1f56f9e45c7cc060077b5d73616afc8a8f5dc1d770ac3eb885a0a81-ffffffff-16640.err
2026-04-21 19:04:03,866	INFO log_monitor.py:290 -- Beginning to track file worker-f1f56f9e45c7cc060077b5d73616afc8a8f5dc1d770ac3eb885a0a81-ffffffff-16640.out
2026-04-21 19:04:05,116	INFO log_monitor.py:290 -- Beginning to track file worker-aaca4af75a3ede501a80d405aed2f425cf1ebea533bd1ac290d47d28-01000000-25964.err
2026-04-21 19:04:05,116	INFO log_monitor.py:290 -- Beginning to track file worker-aaca4af75a3ede501a80d405aed2f425cf1ebea533bd1ac290d47d28-01000000-25964.out
2026-04-21 19:04:09,005	INFO log_monitor.py:290 -- Beginning to track file worker-a58d2bb434f7c8f856f9f30d53430c5790e17c42a99dd49ae419fca2-01000000-26444.err
2026-04-21 19:04:09,005	INFO log_monitor.py:290 -- Beginning to track file worker-a58d2bb434f7c8f856f9f30d53430c5790e17c42a99dd49ae419fca2-01000000-26444.out
2026-04-21 19:04:10,902	INFO log_monitor.py:290 -- Beginning to track file worker-0fcaa52d1a12c76ef728fcc105cba16dca64bd6ca141821eb1c5d191-01000000-26664.err
2026-04-21 19:04:10,902	INFO log_monitor.py:290 -- Beginning to track file worker-0fcaa52d1a12c76ef728fcc105cba16dca64bd6ca141821eb1c5d191-01000000-26664.out
2026-04-21 19:04:10,902	INFO log_monitor.py:290 -- Beginning to track file worker-31c071fe6c05cdc318d19b37b3b00f8e12d9c64989fd44fe40c689c5-01000000-26696.err
2026-04-21 19:04:10,902	INFO log_monitor.py:290 -- Beginning to track file worker-31c071fe6c05cdc318d19b37b3b00f8e12d9c64989fd44fe40c689c5-01000000-26696.out
2026-04-21 19:04:10,904	INFO log_monitor.py:290 -- Beginning to track file worker-e620ab1b08490de59c8c576eefbf58808288e0ae4678e9a52d3ecb03-01000000-26720.err
2026-04-21 19:04:10,904	INFO log_monitor.py:290 -- Beginning to track file worker-e620ab1b08490de59c8c576eefbf58808288e0ae4678e9a52d3ecb03-01000000-26720.out
2026-04-21 19:32:08,801	ERROR log_monitor.py:376 -- Failed to publish log messages {'ip': '127.0.0.1', 'pid': 'raylet', 'job': None, 'is_err': True, 'lines': ['Stack (most recent call first):', '  File "D:\\programs\\python12\\Lib\\site-packages\\ray\\_private\\worker.py", line 1039 in main_loop', '  File "D:\\programs\\python12\\Lib\\site-packages\\ray\\_private\\workers\\default_worker.py", line 323 in <module>', 'Windows fatal exception: Windows fatal exception: access violation', '', 'access violation', '', 'Windows fatal exception: Stack (most recent call first):', 'access violation', '', '  File Stack (most recent call first):', '  File Stack (most recent call first):', '  File "D:\\programs\\python12\\Lib\\site-packages\\ray\\_private\\worker.py", line 1039 in "D:\\programs\\python12\\Lib\\site-packages\\ray\\_private\\worker.py""D:\\programs\\python12\\Lib\\site-packages\\ray\\_private\\worker.py", line 1039 in , line 1039 in Windows fatal exception: access violation', '', 'Stack (most recent call first):', '  File main_loop', '  File "D:\\programs\\python12\\Lib\\site-packages\\ray\\_private\\worker.py", line Windows fatal exception: access violation', '', '1039Stack (most recent call first):', ' in   File main_loop', '  File main_loop', '  File "D:\\programs\\python12\\Lib\\site-packages\\ray\\_private\\worker.py", line 1039 in "D:\\programs\\python12\\Lib\\site-packages\\ray\\_private\\workers\\default_worker.py"main_loop', '  File , line 323 in <module>', '"D:\\programs\\python12\\Lib\\site-packages\\ray\\_private\\workers\\default_worker.py", line 323 in Stack (most recent call first):', '  File <module>Windows fatal exception: ', 'main_loop', '"access violation  File Windows fatal exception: access violation', '', 'D:\\programs\\python12\\Lib\\site-packages\\ray\\_private\\worker.py", line 1039 in Stack (most recent call first):', '', '', '', '  File "Stack (most recent call first):', '  File Windows fatal exception: access violationD:\\programs\\python12\\Lib\\site-packages\\ray\\_private\\worker.py', '', '"""""D:\\programs\\python12\\Lib\\site-packages\\ray\\_private\\workers\\default_worker.py"D:\\programs\\python12\\Lib\\site-packages\\ray\\_private\\worker.py, line Stack (most recent call first):', 'D:\\programs\\python12\\Lib\\site-packages\\ray\\_private\\worker.py", line 1039 in Windows fatal exception: access violationmain_loop', '  File 1039 in   File D:\\programs\\python12\\Lib\\site-packages\\ray\\_private\\workers\\default_worker.py"", line main_loop1039"', ', line 323 in D:\\programs\\python12\\Lib\\site-packages\\ray\\_private\\worker.py"', '', ' in main_loop, line ', '  File Stack (most recent call first):', '  File 1039 in main_loop', '  File <module>"  File "D:\\programs\\python12\\Lib\\site-packages\\ray\\_private\\worker.py", line 1039', ' in "D:\\programs\\python12\\Lib\\site-packages\\ray\\_private\\workers\\default_worker.py"D:\\programs\\python12\\Lib\\site-packages\\ray\\_private\\workers\\default_worker.py"", line D:\\programs\\python12\\Lib\\site-packages\\ray\\_private\\workers\\default_worker.py323Windows fatal exception: , line Windows fatal exception: access violation in "access violation323D:\\programs\\python12\\Lib\\site-packages\\ray\\_private\\workers\\default_worker.py"', '', '<module>', ', line 323 in <module>"Stack (most recent call first):', '', '', '  File  in Stack (most recent call first):', 'main_loop  File ', ', line 323Windows fatal exception: access violation', '', 'Stack (most recent call first):', '  File main_loop, line 323"<module>', '  File "Windows fatal exception: D:\\programs\\python12\\Lib\\site-packages\\ray\\_private\\workers\\default_worker.py"D:\\programs\\python12\\Lib\\site-packages\\ray\\_private\\worker.py" in , line <module>" in <module>', '"D:\\programs\\python12\\Lib\\site-packages\\ray\\_private\\worker.py"', '', 'Windows fatal exception: , line access violation', '1039, line 1039 in D:\\programs\\python12\\Lib\\site-packages\\ray\\_private\\worker.py in 323 in ', '', 'access violation', '', '"  File Stack (most recent call first):', '  File Stack (most recent call first):', ', line 1039 in   File <module>', '"D:\\programs\\python12\\Lib\\site-packages\\ray\\_private\\worker.py", line 1039 in "D:\\programs\\python12\\Lib\\site-packages\\ray\\_private\\worker.py", line 1039 in main_loop', '  File "D:\\programs\\python12\\Lib\\site-packages\\ray\\_private\\workers\\default_worker.py"", line main_loop', '323 in <module>', 'D:\\programs\\python12\\Lib\\site-packages\\ray\\_private\\workers\\default_worker.py"  File main_loop', '  File main_loop', '  File main_loop', '  File "D:\\programs\\python12\\Lib\\site-packages\\ray\\_private\\workers\\default_worker.py", line 323 in <module>', ', line 323 in <module>', '"D:\\programs\\python12\\Lib\\site-packages\\ray\\_private\\workers\\default_worker.py""D:\\programs\\python12\\Lib\\site-packages\\ray\\_private\\workers\\default_worker.py""D:\\programs\\python12\\Lib\\site-packages\\ray\\_private\\workers\\default_worker.py", line 323 in <module>', ', line 323 in <module>, line 323 in <module>', '', '"D:\\programs\\python12\\Lib\\site-packages\\ray\\_private\\workers\\default_worker.py", line 323 in <module>'], 'actor_name': None, 'task_name': None}
Traceback (most recent call last):
  File "D:\programs\python12\Lib\site-packages\ray\_private\log_monitor.py", line 374, in flush
    self.gcs_client.publish_logs(data)
  File "python\\ray\\includes/gcs_client.pxi", line 719, in ray._raylet.InnerGcsClient.publish_logs
  File "python\\ray\\includes/common.pxi", line 143, in ray._raylet.check_status_timeout_as_rpc_error
  File "python\\ray\\includes/common.pxi", line 118, in ray._raylet.check_status
ray.exceptions.RpcError: RPC error: CANCELLED
